Started GET "/" for 127.0.0.1 at 2026-04-16 22:03:41 -0700
  [1m[35m (9.0ms)[0m  [1m[35mCREATE TABLE "schema_migrations" ("version" varchar NOT NULL PRIMARY KEY) /*application='Workspace'*/[0m
  [1m[35m (1.4ms)[0m  [1m[35mCREATE TABLE "ar_internal_metadata" ("key" varchar NOT NULL PRIMARY KEY, "value" varchar, "created_at" datetime(6) NOT NULL, "updated_at" datetime(6) NOT NULL) /*application='Workspace'*/[0m
  [1m[36mActiveRecord::SchemaMigration Load (2.8ms)[0m  [1m[34mSELECT "schema_migrations"."version" FROM "schema_migrations" ORDER BY "schema_migrations"."version" ASC /*application='Workspace'*/[0m
Processing by FaqController#index as */*
  Rendering layout layouts/application.html.erb
  Rendering faq/index.html.erb within layouts/application
  Rendered faq/index.html.erb within layouts/application (Duration: 5.9ms | GC: 0.0ms)
  Rendered layout layouts/application.html.erb (Duration: 364.6ms | GC: 1.2ms)
Completed 200 OK in 1534ms (Views: 572.3ms | ActiveRecord: 0.0ms (0 queries, 0 cached) | GC: 16.3ms)


Started GET "/" for 127.0.0.1 at 2026-04-16 22:03:48 -0700
Processing by FaqController#index as */*
  Rendering layout layouts/application.html.erb
  Rendering faq/index.html.erb within layouts/application
  Rendered faq/index.html.erb within layouts/application (Duration: 0.3ms | GC: 0.0ms)
  Rendered layout layouts/application.html.erb (Duration: 1.6ms | GC: 0.0ms)
Completed 200 OK in 46ms (Views: 3.5ms | ActiveRecord: 0.0ms (0 queries, 0 cached) | GC: 0.7ms)


Started GET "/" for 127.0.0.1 at 2026-04-16 22:04:52 -0700
Processing by FaqController#index as HTML
  Rendering layout layouts/application.html.erb
  Rendering faq/index.html.erb within layouts/application
  Rendered faq/index.html.erb within layouts/application (Duration: 0.2ms | GC: 0.0ms)
  Rendered layout layouts/application.html.erb (Duration: 2.3ms | GC: 0.0ms)
Completed 200 OK in 40ms (Views: 3.6ms | ActiveRecord: 0.0ms (0 queries, 0 cached) | GC: 0.0ms)


Started GET "/.well-known/appspecific/com.chrome.devtools.json" for 127.0.0.1 at 2026-04-16 22:05:16 -0700
  
ActionController::RoutingError (No route matches [GET] "/.well-known/appspecific/com.chrome.devtools.json"):
  
Started GET "/" for 127.0.0.1 at 2026-04-16 22:06:08 -0700
Processing by FaqController#index as HTML
  Rendering layout layouts/application.html.erb
  Rendering faq/index.html.erb within layouts/application
  Rendered faq/index.html.erb within layouts/application (Duration: 0.1ms | GC: 0.0ms)
  Rendered layout layouts/application.html.erb (Duration: 67.1ms | GC: 0.0ms)
Completed 200 OK in 112ms (Views: 68.9ms | ActiveRecord: 0.0ms (0 queries, 0 cached) | GC: 0.0ms)


Started GET "/.well-known/appspecific/com.chrome.devtools.json" for 127.0.0.1 at 2026-04-16 22:06:11 -0700
  
ActionController::RoutingError (No route matches [GET] "/.well-known/appspecific/com.chrome.devtools.json"):
  
Started GET "/" for 127.0.0.1 at 2026-04-16 22:25:38 -0700
  [1m[36mActiveRecord::SchemaMigration Load (1.6ms)[0m  [1m[34mSELECT "schema_migrations"."version" FROM "schema_migrations" ORDER BY "schema_migrations"."version" ASC /*application='Workspace'*/[0m
Processing by FaqController#index as */*
  Rendering layout layouts/application.html.erb
  Rendering faq/index.html.erb within layouts/application
  Rendered faq/index.html.erb within layouts/application (Duration: 3.4ms | GC: 0.0ms)
  Rendered layout layouts/application.html.erb (Duration: 68.6ms | GC: 0.0ms)
Completed 200 OK in 312ms (Views: 96.9ms | ActiveRecord: 0.0ms (0 queries, 0 cached) | GC: 0.0ms)


Started GET "/" for 127.0.0.1 at 2026-04-16 22:25:41 -0700
Processing by FaqController#index as */*
  Rendering layout layouts/application.html.erb
  Rendering faq/index.html.erb within layouts/application
  Rendered faq/index.html.erb within layouts/application (Duration: 0.1ms | GC: 0.0ms)
  Rendered layout layouts/application.html.erb (Duration: 1.2ms | GC: 0.0ms)
Completed 200 OK in 36ms (Views: 2.2ms | ActiveRecord: 0.0ms (0 queries, 0 cached) | GC: 0.0ms)


Started GET "/" for 127.0.0.1 at 2026-04-16 23:35:04 -0700
Processing by FaqController#index as HTML
  Rendering layout layouts/application.html.erb
  Rendering faq/index.html.erb within layouts/application
  Rendered faq/index.html.erb within layouts/application (Duration: 9.4ms | GC: 0.0ms)
  Rendered layout layouts/application.html.erb (Duration: 1268.4ms | GC: 864.6ms)
Completed 200 OK in 1395ms (Views: 1293.7ms | ActiveRecord: 0.0ms (0 queries, 0 cached) | GC: 864.6ms)


Started GET "/.well-known/appspecific/com.chrome.devtools.json" for 127.0.0.1 at 2026-04-16 23:35:06 -0700
  
ActionController::RoutingError (No route matches [GET] "/.well-known/appspecific/com.chrome.devtools.json"):
  
Started GET "/" for 127.0.0.1 at 2026-04-16 23:50:26 -0700
Processing by FaqController#index as */*
  Rendering layout layouts/application.html.erb
  Rendering faq/index.html.erb within layouts/application
  Rendered faq/index.html.erb within layouts/application (Duration: 3.7ms | GC: 0.0ms)
  Rendered layout layouts/application.html.erb (Duration: 100.5ms | GC: 1.0ms)
Completed 200 OK in 921ms (Views: 195.6ms | GC: 13.1ms)


Started GET "/" for 127.0.0.1 at 2026-04-16 23:52:04 -0700
Processing by FaqController#index as */*
  Rendering layout layouts/application.html.erb
  Rendering faq/index.html.erb within layouts/application
  Rendered faq/index.html.erb within layouts/application (Duration: 0.2ms | GC: 0.0ms)
  Rendered layout layouts/application.html.erb (Duration: 2.4ms | GC: 0.0ms)
Completed 200 OK in 46ms (Views: 4.5ms | GC: 0.0ms)


